This is pdfTeX, Version 3.141592653-2.6-1.40.24 (MiKTeX 21.12) (preloaded format=pdflatex 2022.3.14)  24 JUL 2022 15:00
entering extended mode
 restricted \write18 enabled.
 %&-line parsing enabled.
**./e344_A1_report.tex
(e344_A1_report.tex
LaTeX2e <2021-11-15> patch level 1
L3 programming layer <2021-11-22> (D:\LATEX\MiKTeX\tex/latex/base\report.cls
Document Class: report 2021/10/04 v1.4n Standard LaTeX document class
(D:\LATEX\MiKTeX\tex/latex/base\size12.clo
File: size12.clo 2021/10/04 v1.4n Standard LaTeX file (size option)
)
\c@part=\count183
\c@chapter=\count184
\c@section=\count185
\c@subsection=\count186
\c@subsubsection=\count187
\c@paragraph=\count188
\c@subparagraph=\count189
\c@figure=\count190
\c@table=\count191
\abovecaptionskip=\skip47
\belowcaptionskip=\skip48
\bibindent=\dimen138
)
(D:\LATEX\MiKTeX\tex/latex/geometry\geometry.sty
Package: geometry 2020/01/02 v5.9 Page Geometry

(D:\LATEX\MiKTeX\tex/latex/graphics\keyval.sty
Package: keyval 2014/10/28 v1.15 key=value parser (DPC)
\KV@toks@=\toks16
)
(D:\LATEX\MiKTeX\tex/generic/iftex\ifvtex.sty
Package: ifvtex 2019/10/25 v1.7 ifvtex legacy package. Use iftex instead.

(D:\LATEX\MiKTeX\tex/generic/iftex\iftex.sty
Package: iftex 2020/03/06 v1.0d TeX engine tests
))
\Gm@cnth=\count192
\Gm@cntv=\count193
\c@Gm@tempcnt=\count194
\Gm@bindingoffset=\dimen139
\Gm@wd@mp=\dimen140
\Gm@odd@mp=\dimen141
\Gm@even@mp=\dimen142
\Gm@layoutwidth=\dimen143
\Gm@layoutheight=\dimen144
\Gm@layouthoffset=\dimen145
\Gm@layoutvoffset=\dimen146
\Gm@dimlist=\toks17

(D:\LATEX\MiKTeX\tex/latex/geometry\geometry.cfg))
(D:\LATEX\MiKTeX\tex/latex/caption\caption.sty
Package: caption 2022/02/28 v3.6a Customizing captions (AR)

(D:\LATEX\MiKTeX\tex/latex/caption\caption3.sty
Package: caption3 2022/02/28 v2.3a caption3 kernel (AR)
\caption@tempdima=\dimen147
\captionmargin=\dimen148
\caption@leftmargin=\dimen149
\caption@rightmargin=\dimen150
\caption@width=\dimen151
\caption@indent=\dimen152
\caption@parindent=\dimen153
\caption@hangindent=\dimen154
Package caption Info: Standard document class detected.
)
\c@caption@flags=\count195
\c@continuedfloat=\count196
)
(D:\LATEX\MiKTeX\tex/latex/graphics\graphicx.sty
Package: graphicx 2021/09/16 v1.2d Enhanced LaTeX Graphics (DPC,SPQR)

(D:\LATEX\MiKTeX\tex/latex/graphics\graphics.sty
Package: graphics 2021/03/04 v1.4d Standard LaTeX Graphics (DPC,SPQR)

(D:\LATEX\MiKTeX\tex/latex/graphics\trig.sty
Package: trig 2021/08/11 v1.11 sin cos tan (DPC)
)
(D:\LATEX\MiKTeX\tex/latex/graphics-cfg\graphics.cfg
File: graphics.cfg 2016/06/04 v1.11 sample graphics configuration
)
Package graphics Info: Driver file: pdftex.def on input line 107.

(D:\LATEX\MiKTeX\tex/latex/graphics-def\pdftex.def
File: pdftex.def 2020/10/05 v1.2a Graphics/color driver for pdftex
))
\Gin@req@height=\dimen155
\Gin@req@width=\dimen156
)
(D:\LATEX\MiKTeX\tex/latex/pdfpages\pdfpages.sty
Package: pdfpages 2022/01/29 v0.5u Insert pages of external PDF documents (AM)

(D:\LATEX\MiKTeX\tex/latex/base\ifthen.sty
Package: ifthen 2020/11/24 v1.1c Standard LaTeX ifthen package (DPC)
)
(D:\LATEX\MiKTeX\tex/latex/tools\calc.sty
Package: calc 2017/05/25 v4.3 Infix arithmetic (KKT,FJ)
\calc@Acount=\count197
\calc@Bcount=\count198
\calc@Adimen=\dimen157
\calc@Bdimen=\dimen158
\calc@Askip=\skip49
\calc@Bskip=\skip50
LaTeX Info: Redefining \setlength on input line 80.
LaTeX Info: Redefining \addtolength on input line 81.
\calc@Ccount=\count199
\calc@Cskip=\skip51
)
(D:\LATEX\MiKTeX\tex/latex/eso-pic\eso-pic.sty
Package: eso-pic 2020/10/14 v3.0a eso-pic (RN)
\ESO@tempdima=\dimen159
\ESO@tempdimb=\dimen160

(D:\LATEX\MiKTeX\tex/latex/xcolor\xcolor.sty
Package: xcolor 2021/10/31 v2.13 LaTeX color extensions (UK)

(D:\LATEX\MiKTeX\tex/latex/graphics-cfg\color.cfg
File: color.cfg 2016/01/02 v1.6 sample color configuration
)
Package xcolor Info: Driver file: pdftex.def on input line 227.
Package xcolor Info: Model `cmy' substituted by `cmy0' on input line 1352.
Package xcolor Info: Model `hsb' substituted by `rgb' on input line 1356.
Package xcolor Info: Model `RGB' extended on input line 1368.
Package xcolor Info: Model `HTML' substituted by `rgb' on input line 1370.
Package xcolor Info: Model `Hsb' substituted by `hsb' on input line 1371.
Package xcolor Info: Model `tHsb' substituted by `hsb' on input line 1372.
Package xcolor Info: Model `HSB' substituted by `hsb' on input line 1373.
Package xcolor Info: Model `Gray' substituted by `gray' on input line 1374.
Package xcolor Info: Model `wave' substituted by `hsb' on input line 1375.
))
\AM@pagewidth=\dimen161
\AM@pageheight=\dimen162
\AM@fboxrule=\dimen163

(D:\LATEX\MiKTeX\tex/latex/pdfpages\pppdftex.def
File: pppdftex.def 2022/01/29 v0.5u Pdfpages driver for pdfTeX (AM)
)
\pdfpages@includegraphics@status=\count266
\AM@pagebox=\box50
\AM@global@opts=\toks18
\AM@pagecnt=\count267
\AM@toc@title=\toks19
\c@AM@survey=\count268
\AM@templatesizebox=\box51
)
(D:\LATEX\MiKTeX\tex/latex/caption\subcaption.sty
Package: subcaption 2022/01/07 v1.5 Sub-captions (AR)
\c@subfigure=\count269
\c@subtable=\count270
)
(D:\LATEX\MiKTeX\tex/generic/babel\babel.sty
Package: babel 2021/11/29 3.67 The Babel package
\babel@savecnt=\count271
\U@D=\dimen164
\l@unhyphenated=\language79

(D:\LATEX\MiKTeX\tex/generic/babel\txtbabel.def)
\bbl@readstream=\read2
\bbl@dirlevel=\count272

*************************************
* Local config file bblopts.cfg used
*
(D:\LATEX\MiKTeX\tex/latex/arabi\bblopts.cfg
File: bblopts.cfg 2005/09/08 v0.1 add Arabic and Farsi to "declared" options of
 babel
)
(D:\LATEX\MiKTeX\tex/latex/babel-dutch\afrikaans.ldf
Language: dutch 2021/08/29 v3.8l Dutch support from the babel system
Package babel Info: Making " an active character on input line 127.
)
(D:\LATEX\MiKTeX\tex/latex/babel-english\english.ldf
Language: english 2017/06/06 v3.3r English support from the babel system
Package babel Info: Hyphen rules for 'canadian' set to \l@english
(babel)             (\language0). Reported on input line 102.
Package babel Info: Hyphen rules for 'australian' set to \l@ukenglish
(babel)             (\language73). Reported on input line 105.
Package babel Info: Hyphen rules for 'newzealand' set to \l@ukenglish
(babel)             (\language73). Reported on input line 108.
))
(D:\LATEX\MiKTeX\tex/latex/microtype\microtype.sty
Package: microtype 2022/02/22 v3.0c Micro-typographical refinements (RS)

(D:\LATEX\MiKTeX\tex/latex/etoolbox\etoolbox.sty
Package: etoolbox 2020/10/05 v2.5k e-TeX tools for LaTeX (JAW)
\etb@tempcnta=\count273
)
\MT@toks=\toks20
\MT@tempbox=\box52
\MT@count=\count274
LaTeX Info: Redefining \noprotrusionifhmode on input line 1027.
LaTeX Info: Redefining \leftprotrusion on input line 1028.
LaTeX Info: Redefining \rightprotrusion on input line 1036.
LaTeX Info: Redefining \textls on input line 1200.
\MT@outer@kern=\dimen165
LaTeX Info: Redefining \textmicrotypecontext on input line 1786.
\MT@listname@count=\count275

(D:\LATEX\MiKTeX\tex/latex/microtype\microtype-pdftex.def
File: microtype-pdftex.def 2022/02/22 v3.0c Definitions specific to pdftex (RS)

LaTeX Info: Redefining \lsstyle on input line 897.
LaTeX Info: Redefining \lslig on input line 897.
\MT@outer@space=\skip52
)
Package microtype Info: Loading configuration file microtype.cfg.

(D:\LATEX\MiKTeX\tex/latex/microtype\microtype.cfg
File: microtype.cfg 2022/02/22 v3.0c microtype main configuration file (RS)
))
(D:\LATEX\MiKTeX\tex/latex/setspace\setspace.sty
Package: setspace 2011/12/19 v6.7a set line spacing
)
(D:\LATEX\MiKTeX\tex/latex/lm\lmodern.sty
Package: lmodern 2009/10/30 v1.6 Latin Modern Fonts
LaTeX Font Info:    Overwriting symbol font `operators' in version `normal'
(Font)                  OT1/cmr/m/n --> OT1/lmr/m/n on input line 22.
LaTeX Font Info:    Overwriting symbol font `letters' in version `normal'
(Font)                  OML/cmm/m/it --> OML/lmm/m/it on input line 23.
LaTeX Font Info:    Overwriting symbol font `symbols' in version `normal'
(Font)                  OMS/cmsy/m/n --> OMS/lmsy/m/n on input line 24.
LaTeX Font Info:    Overwriting symbol font `largesymbols' in version `normal'
(Font)                  OMX/cmex/m/n --> OMX/lmex/m/n on input line 25.
LaTeX Font Info:    Overwriting symbol font `operators' in version `bold'
(Font)                  OT1/cmr/bx/n --> OT1/lmr/bx/n on input line 26.
LaTeX Font Info:    Overwriting symbol font `letters' in version `bold'
(Font)                  OML/cmm/b/it --> OML/lmm/b/it on input line 27.
LaTeX Font Info:    Overwriting symbol font `symbols' in version `bold'
(Font)                  OMS/cmsy/b/n --> OMS/lmsy/b/n on input line 28.
LaTeX Font Info:    Overwriting symbol font `largesymbols' in version `bold'
(Font)                  OMX/cmex/m/n --> OMX/lmex/m/n on input line 29.
LaTeX Font Info:    Overwriting math alphabet `\mathbf' in version `normal'
(Font)                  OT1/cmr/bx/n --> OT1/lmr/bx/n on input line 31.
LaTeX Font Info:    Overwriting math alphabet `\mathsf' in version `normal'
(Font)                  OT1/cmss/m/n --> OT1/lmss/m/n on input line 32.
LaTeX Font Info:    Overwriting math alphabet `\mathit' in version `normal'
(Font)                  OT1/cmr/m/it --> OT1/lmr/m/it on input line 33.
LaTeX Font Info:    Overwriting math alphabet `\mathtt' in version `normal'
(Font)                  OT1/cmtt/m/n --> OT1/lmtt/m/n on input line 34.
LaTeX Font Info:    Overwriting math alphabet `\mathbf' in version `bold'
(Font)                  OT1/cmr/bx/n --> OT1/lmr/bx/n on input line 35.
LaTeX Font Info:    Overwriting math alphabet `\mathsf' in version `bold'
(Font)                  OT1/cmss/bx/n --> OT1/lmss/bx/n on input line 36.
LaTeX Font Info:    Overwriting math alphabet `\mathit' in version `bold'
(Font)                  OT1/cmr/bx/it --> OT1/lmr/bx/it on input line 37.
LaTeX Font Info:    Overwriting math alphabet `\mathtt' in version `bold'
(Font)                  OT1/cmtt/m/n --> OT1/lmtt/m/n on input line 38.
)
(D:\LATEX\MiKTeX\tex/latex/siunitx\siunitx.sty
Package: siunitx 2022-02-15 v3.0.49 A comprehensive (SI) units package
\l__siunitx_angle_tmp_dim=\dimen166
\l__siunitx_angle_marker_box=\box53
\l__siunitx_angle_unit_box=\box54
\l__siunitx_compound_count_int=\count276

(D:\LATEX\MiKTeX\tex/latex/translations\translations.sty
Package: translations 2022/02/05 v1.12 internationalization of LaTeX2e packages
 (CN)

(D:\LATEX\MiKTeX\tex/generic/pdftexcmds\pdftexcmds.sty
Package: pdftexcmds 2020-06-27 v0.33 Utility functions of pdfTeX for LuaTeX (HO
)

(D:\LATEX\MiKTeX\tex/generic/infwarerr\infwarerr.sty
Package: infwarerr 2019/12/03 v1.5 Providing info/warning/error messages (HO)
)
(D:\LATEX\MiKTeX\tex/generic/ltxcmds\ltxcmds.sty
Package: ltxcmds 2020-05-10 v1.25 LaTeX kernel commands for general use (HO)
)
Package pdftexcmds Info: \pdf@primitive is available.
Package pdftexcmds Info: \pdf@ifprimitive is available.
Package pdftexcmds Info: \pdfdraftmode found.
))
\l__siunitx_number_exponent_fixed_int=\count277
\l__siunitx_number_min_decimal_int=\count278
\l__siunitx_number_min_integer_int=\count279
\l__siunitx_number_round_precision_int=\count280
\l__siunitx_number_group_minimum_int=\count281

(D:\LATEX\MiKTeX\tex/latex/amsmath\amstext.sty
Package: amstext 2021/08/26 v2.01 AMS text

(D:\LATEX\MiKTeX\tex/latex/amsmath\amsgen.sty
File: amsgen.sty 1999/11/30 v2.0 generic functions
\@emptytoks=\toks21
\ex@=\dimen167
))
\l__siunitx_table_tmp_box=\box55
\l__siunitx_table_tmp_dim=\dimen168
\l__siunitx_table_column_width_dim=\dimen169
\l__siunitx_table_integer_box=\box56
\l__siunitx_table_decimal_box=\box57
\l__siunitx_table_before_box=\box58
\l__siunitx_table_after_box=\box59
\l__siunitx_table_before_dim=\dimen170
\l__siunitx_table_carry_dim=\dimen171
\l__siunitx_unit_tmp_int=\count282
\l__siunitx_unit_position_int=\count283
\l__siunitx_unit_total_int=\count284

(D:\LATEX\MiKTeX\tex/latex/l3packages/l3keys2e\l3keys2e.sty
(D:\LATEX\MiKTeX\tex/latex/l3kernel\expl3.sty
Package: expl3 2021-11-22 L3 programming layer (loader) 

(D:\LATEX\MiKTeX\tex/latex/l3backend\l3backend-pdftex.def
File: l3backend-pdftex.def 2021-10-18 L3 backend support: PDF output (pdfTeX)
\l__color_backend_stack_int=\count285
\l__pdf_internal_box=\box60
))
Package: l3keys2e 2021-11-12 LaTeX2e option processing using LaTeX3 keys
)
(D:\LATEX\MiKTeX\tex/latex/tools\array.sty
Package: array 2021/10/04 v2.5f Tabular extension package (FMi)
\col@sep=\dimen172
\ar@mcellbox=\box61
\extrarowheight=\dimen173
\NC@list=\toks22
\extratabsurround=\skip53
\backup@length=\skip54
\ar@cellbox=\box62
))
(D:\LATEX\MiKTeX\tex/latex/lipsum\lipsum.sty
Package: lipsum 2021-09-20 v2.7 150 paragraphs of Lorem Ipsum dummy text
\g__lipsum_par_int=\count286
\l__lipsum_a_int=\count287
\l__lipsum_b_int=\count288

(D:\LATEX\MiKTeX\tex/latex/lipsum\lipsum.ltd.tex))
(D:\LATEX\MiKTeX\tex/latex/titlesec\titlesec.sty
Package: titlesec 2021/07/05 v2.14 Sectioning titles
\ttl@box=\box63
\beforetitleunit=\skip55
\aftertitleunit=\skip56
\ttl@plus=\dimen174
\ttl@minus=\dimen175
\ttl@toksa=\toks23
\titlewidth=\dimen176
\titlewidthlast=\dimen177
\titlewidthfirst=\dimen178
)
(D:\LATEX\MiKTeX\tex/latex/amsmath\amsmath.sty
Package: amsmath 2021/10/15 v2.17l AMS math features
\@mathmargin=\skip57

For additional information on amsmath, use the `?' option.
(D:\LATEX\MiKTeX\tex/latex/amsmath\amsbsy.sty
Package: amsbsy 1999/11/29 v1.2d Bold Symbols
\pmbraise@=\dimen179
)
(D:\LATEX\MiKTeX\tex/latex/amsmath\amsopn.sty
Package: amsopn 2021/08/26 v2.02 operator names
)
\inf@bad=\count289
LaTeX Info: Redefining \frac on input line 234.
\uproot@=\count290
\leftroot@=\count291
LaTeX Info: Redefining \overline on input line 399.
\classnum@=\count292
\DOTSCASE@=\count293
LaTeX Info: Redefining \ldots on input line 496.
LaTeX Info: Redefining \dots on input line 499.
LaTeX Info: Redefining \cdots on input line 620.
\Mathstrutbox@=\box64
\strutbox@=\box65
\big@size=\dimen180
LaTeX Font Info:    Redeclaring font encoding OML on input line 743.
LaTeX Font Info:    Redeclaring font encoding OMS on input line 744.
\macc@depth=\count294
\c@MaxMatrixCols=\count295
\dotsspace@=\muskip16
\c@parentequation=\count296
\dspbrk@lvl=\count297
\tag@help=\toks24
\row@=\count298
\column@=\count299
\maxfields@=\count300
\andhelp@=\toks25
\eqnshift@=\dimen181
\alignsep@=\dimen182
\tagshift@=\dimen183
\tagwidth@=\dimen184
\totwidth@=\dimen185
\lineht@=\dimen186
\@envbody=\toks26
\multlinegap=\skip58
\multlinetaggap=\skip59
\mathdisplay@stack=\toks27
LaTeX Info: Redefining \[ on input line 2938.
LaTeX Info: Redefining \] on input line 2939.
)
(D:\LATEX\MiKTeX\tex/latex/amsfonts\amssymb.sty
Package: amssymb 2013/01/14 v3.01 AMS font symbols

(D:\LATEX\MiKTeX\tex/latex/amsfonts\amsfonts.sty
Package: amsfonts 2013/01/14 v3.01 Basic AMSFonts support
\symAMSa=\mathgroup4
\symAMSb=\mathgroup5
LaTeX Font Info:    Redeclaring math symbol \hbar on input line 98.
LaTeX Font Info:    Overwriting math alphabet `\mathfrak' in version `bold'
(Font)                  U/euf/m/n --> U/euf/b/n on input line 106.
))
(D:\LATEX\MiKTeX\tex/latex/cancel\cancel.sty
Package: cancel 2013/04/12 v2.2 Cancel math terms
)
(D:\LATEX\MiKTeX\tex/latex/booktabs\booktabs.sty
Package: booktabs 2020/01/12 v1.61803398 Publication quality tables
\heavyrulewidth=\dimen187
\lightrulewidth=\dimen188
\cmidrulewidth=\dimen189
\belowrulesep=\dimen190
\belowbottomsep=\dimen191
\aboverulesep=\dimen192
\abovetopsep=\dimen193
\cmidrulesep=\dimen194
\cmidrulekern=\dimen195
\defaultaddspace=\dimen196
\@cmidla=\count301
\@cmidlb=\count302
\@aboverulesep=\dimen197
\@belowrulesep=\dimen198
\@thisruleclass=\count303
\@lastruleclass=\count304
\@thisrulewidth=\dimen199
)
(D:\LATEX\MiKTeX\tex/latex/tools\tabularx.sty
Package: tabularx 2020/01/15 v2.11c `tabularx' package (DPC)
\TX@col@width=\dimen256
\TX@old@table=\dimen257
\TX@old@col=\dimen258
\TX@target=\dimen259
\TX@delta=\dimen260
\TX@cols=\count305
\TX@ftn=\toks28
)
(D:\LATEX\MiKTeX\tex/latex/multirow\multirow.sty
Package: multirow 2021/03/15 v2.8 Span multiple rows of a table
\multirow@colwidth=\skip60
\multirow@cntb=\count306
\multirow@dima=\skip61
\bigstrutjot=\dimen261
)
(D:\LATEX\MiKTeX\tex/latex/fancyhdr\fancyhdr.sty
Package: fancyhdr 2021/01/28 v4.0.1 Extensive control of page headers and foote
rs
\f@nch@headwidth=\skip62
\f@nch@O@elh=\skip63
\f@nch@O@erh=\skip64
\f@nch@O@olh=\skip65
\f@nch@O@orh=\skip66
\f@nch@O@elf=\skip67
\f@nch@O@erf=\skip68
\f@nch@O@olf=\skip69
\f@nch@O@orf=\skip70
)
(D:\LATEX\MiKTeX\tex/latex/algorithms\algorithm.sty
Package: algorithm 2009/08/24 v0.1 Document Style `algorithm' - floating enviro
nment

(D:\LATEX\MiKTeX\tex/latex/float\float.sty
Package: float 2001/11/08 v1.3d Float enhancements (AL)
\c@float@type=\count307
\float@exts=\toks29
\float@box=\box66
\@float@everytoks=\toks30
\@floatcapt=\box67
)
\@float@every@algorithm=\toks31
\c@algorithm=\count308
)
(D:\LATEX\MiKTeX\tex/latex/hyperref\hyperref.sty
Package: hyperref 2021-06-07 v7.00m Hypertext links for LaTeX

(D:\LATEX\MiKTeX\tex/generic/kvsetkeys\kvsetkeys.sty
Package: kvsetkeys 2019/12/15 v1.18 Key value parser (HO)
)
(D:\LATEX\MiKTeX\tex/generic/kvdefinekeys\kvdefinekeys.sty
Package: kvdefinekeys 2019-12-19 v1.6 Define keys (HO)
)
(D:\LATEX\MiKTeX\tex/generic/pdfescape\pdfescape.sty
Package: pdfescape 2019/12/09 v1.15 Implements pdfTeX's escape features (HO)
)
(D:\LATEX\MiKTeX\tex/latex/hycolor\hycolor.sty
Package: hycolor 2020-01-27 v1.10 Color options for hyperref/bookmark (HO)
)
(D:\LATEX\MiKTeX\tex/latex/letltxmacro\letltxmacro.sty
Package: letltxmacro 2019/12/03 v1.6 Let assignment for LaTeX macros (HO)
)
(D:\LATEX\MiKTeX\tex/latex/auxhook\auxhook.sty
Package: auxhook 2019-12-17 v1.6 Hooks for auxiliary files (HO)
)
(D:\LATEX\MiKTeX\tex/latex/kvoptions\kvoptions.sty
Package: kvoptions 2020-10-07 v3.14 Key value format for package options (HO)
)
\@linkdim=\dimen262
\Hy@linkcounter=\count309
\Hy@pagecounter=\count310

(D:\LATEX\MiKTeX\tex/latex/hyperref\pd1enc.def
File: pd1enc.def 2021-06-07 v7.00m Hyperref: PDFDocEncoding definition (HO)
Now handling font encoding PD1 ...
... no UTF-8 mapping file for font encoding PD1
)
(D:\LATEX\MiKTeX\tex/latex/hyperref\hyperref-langpatches.def
File: hyperref-langpatches.def 2021-06-07 v7.00m Hyperref: patches for babel la
nguages
)
(D:\LATEX\MiKTeX\tex/generic/intcalc\intcalc.sty
Package: intcalc 2019/12/15 v1.3 Expandable calculations with integers (HO)
)
(D:\LATEX\MiKTeX\tex/generic/etexcmds\etexcmds.sty
Package: etexcmds 2019/12/15 v1.7 Avoid name clashes with e-TeX commands (HO)
)
\Hy@SavedSpaceFactor=\count311

(D:\LATEX\MiKTeX\tex/latex/hyperref\puenc.def
File: puenc.def 2021-06-07 v7.00m Hyperref: PDF Unicode definition (HO)
Now handling font encoding PU ...
... no UTF-8 mapping file for font encoding PU
)
Package hyperref Info: Hyper figures OFF on input line 4192.
Package hyperref Info: Link nesting OFF on input line 4197.
Package hyperref Info: Hyper index ON on input line 4200.
Package hyperref Info: Plain pages OFF on input line 4207.
Package hyperref Info: Backreferencing OFF on input line 4212.
Package hyperref Info: Implicit mode ON; LaTeX internals redefined.
Package hyperref Info: Bookmarks ON on input line 4445.
\c@Hy@tempcnt=\count312

(D:\LATEX\MiKTeX\tex/latex/url\url.sty
\Urlmuskip=\muskip17
Package: url 2013/09/16  ver 3.4  Verb mode for urls, etc.
)
LaTeX Info: Redefining \url on input line 4804.
\XeTeXLinkMargin=\dimen263

(D:\LATEX\MiKTeX\tex/generic/bitset\bitset.sty
Package: bitset 2019/12/09 v1.3 Handle bit-vector datatype (HO)

(D:\LATEX\MiKTeX\tex/generic/bigintcalc\bigintcalc.sty
Package: bigintcalc 2019/12/15 v1.5 Expandable calculations on big integers (HO
)
))
\Fld@menulength=\count313
\Field@Width=\dimen264
\Fld@charsize=\dimen265
Package hyperref Info: Hyper figures OFF on input line 6076.
Package hyperref Info: Link nesting OFF on input line 6081.
Package hyperref Info: Hyper index ON on input line 6084.
Package hyperref Info: backreferencing OFF on input line 6091.
Package hyperref Info: Link coloring OFF on input line 6096.
Package hyperref Info: Link coloring with OCG OFF on input line 6101.
Package hyperref Info: PDF/A mode OFF on input line 6106.
LaTeX Info: Redefining \ref on input line 6146.
LaTeX Info: Redefining \pageref on input line 6150.

(D:\LATEX\MiKTeX\tex/latex/base\atbegshi-ltx.sty
Package: atbegshi-ltx 2021/01/10 v1.0c Emulation of the original atbegshi
package with kernel methods
)
\Hy@abspage=\count314
\c@Item=\count315
\c@Hfootnote=\count316
)
Package hyperref Info: Driver (autodetected): hpdftex.

(D:\LATEX\MiKTeX\tex/latex/hyperref\hpdftex.def
File: hpdftex.def 2021-06-07 v7.00m Hyperref driver for pdfTeX

(D:\LATEX\MiKTeX\tex/latex/base\atveryend-ltx.sty
Package: atveryend-ltx 2020/08/19 v1.0a Emulation of the original atveryend pac
kage
with kernel methods
)
\Fld@listcount=\count317
\c@bookmark@seq@number=\count318

(D:\LATEX\MiKTeX\tex/latex/rerunfilecheck\rerunfilecheck.sty
Package: rerunfilecheck 2019/12/05 v1.9 Rerun checks for auxiliary files (HO)

(D:\LATEX\MiKTeX\tex/generic/uniquecounter\uniquecounter.sty
Package: uniquecounter 2019/12/15 v1.4 Provide unlimited unique counter (HO)
)
Package uniquecounter Info: New unique counter `rerunfilecheck' on input line 2
86.
)
\Hy@SectionHShift=\skip71
)
Package hyperref Info: Option `colorlinks' set `true' on input line 91.

(D:\LATEX\MiKTeX\tex/latex/tocbibind\tocbibind.sty
Package: tocbibind 2010/10/13 v1.5k extra ToC listings
Package tocbibind Info: The document has chapter divisions on input line 50.


Package tocbibind Note: Using chapter style headings, unless overridden.

) (D:\LATEX\MiKTeX\tex/latex/algorithmicx\algpseudocode.sty
Package: algpseudocode 

(D:\LATEX\MiKTeX\tex/latex/algorithmicx\algorithmicx.sty
Package: algorithmicx 2005/04/27 v1.2 Algorithmicx

Document Style algorithmicx 1.2 - a greatly improved `algorithmic' style
\c@ALG@line=\count319
\c@ALG@rem=\count320
\c@ALG@nested=\count321
\ALG@tlm=\skip72
\ALG@thistlm=\skip73
\c@ALG@Lnr=\count322
\c@ALG@blocknr=\count323
\c@ALG@storecount=\count324
\c@ALG@tmpcounter=\count325
\ALG@tmplength=\skip74
)
Document Style - pseudocode environments for use with the `algorithmicx' style
) (D:\LATEX\MiKTeX\tex/latex/cite\cite.sty
LaTeX Info: Redefining \cite on input line 302.
LaTeX Info: Redefining \nocite on input line 332.
Package: cite 2015/02/27  v 5.5
)
(D:\LATEX\MiKTeX\tex/latex/ulem\ulem.sty
\UL@box=\box68
\UL@hyphenbox=\box69
\UL@skip=\skip75
\UL@hook=\toks32
\UL@height=\dimen266
\UL@pe=\count326
\UL@pixel=\dimen267
\ULC@box=\box70
Package: ulem 2019/11/18
\ULdepth=\dimen268
)
LaTeX Font Info:    Trying to load font information for OT1+lmr on input line 1
11.

(D:\LATEX\MiKTeX\tex/latex/lm\ot1lmr.fd
File: ot1lmr.fd 2009/10/30 v1.6 Font defs for Latin Modern
) (e344_A1_report.aux (Chapter0.aux)
(Chapter1.aux) (Chapter2.aux) (Chapter3.aux

LaTeX Warning: Label `subfig:pwr_simu_rect' multiply defined.


LaTeX Warning: Label `sub@subfig:pwr_simu_rect' multiply defined.


LaTeX Warning: Label `subfig:pwr_simu_rect' multiply defined.


LaTeX Warning: Label `sub@subfig:pwr_simu_rect' multiply defined.

) (Chapter4.aux) (Chapter5.aux) (Chapter6.aux) (App-A.aux) (App-B.aux)
(App-C.aux))
\openout1 = `e344_A1_report.aux'.

LaTeX Font Info:    Checking defaults for OML/cmm/m/it on input line 111.
LaTeX Font Info:    ... okay on input line 111.
LaTeX Font Info:    Checking defaults for OMS/cmsy/m/n on input line 111.
LaTeX Font Info:    ... okay on input line 111.
LaTeX Font Info:    Checking defaults for OT1/cmr/m/n on input line 111.
LaTeX Font Info:    ... okay on input line 111.
LaTeX Font Info:    Checking defaults for T1/cmr/m/n on input line 111.
LaTeX Font Info:    ... okay on input line 111.
LaTeX Font Info:    Checking defaults for TS1/cmr/m/n on input line 111.
LaTeX Font Info:    ... okay on input line 111.
LaTeX Font Info:    Checking defaults for OMX/cmex/m/n on input line 111.
LaTeX Font Info:    ... okay on input line 111.
LaTeX Font Info:    Checking defaults for U/cmr/m/n on input line 111.
LaTeX Font Info:    ... okay on input line 111.
LaTeX Font Info:    Checking defaults for PD1/pdf/m/n on input line 111.
LaTeX Font Info:    ... okay on input line 111.
LaTeX Font Info:    Checking defaults for PU/pdf/m/n on input line 111.
LaTeX Font Info:    ... okay on input line 111.

*geometry* driver: auto-detecting
*geometry* detected driver: pdftex
*geometry* verbose mode - [ preamble ] result:
* driver: pdftex
* paper: a4paper
* layout: <same size as paper>
* layoutoffset:(h,v)=(0.0pt,0.0pt)
* modes: 
* h-part:(L,W,R)=(62.59596pt, 472.31595pt, 62.59596pt)
* v-part:(T,H,B)=(62.59596pt, 719.85492pt, 62.59596pt)
* \paperwidth=597.50787pt
* \paperheight=845.04684pt
* \textwidth=472.31595pt
* \textheight=719.85492pt
* \oddsidemargin=-9.67403pt
* \evensidemargin=-9.67403pt
* \topmargin=-46.67403pt
* \headheight=14.5pt
* \headsep=25.0pt
* \topskip=12.0pt
* \footskip=30.0pt
* \marginparwidth=35.0pt
* \marginparsep=10.0pt
* \columnsep=10.0pt
* \skip\footins=10.8pt plus 4.0pt minus 2.0pt
* \hoffset=0.0pt
* \voffset=0.0pt
* \mag=1000
* \@twocolumnfalse
* \@twosidefalse
* \@mparswitchfalse
* \@reversemarginfalse
* (1in=72.27pt=25.4mm, 1cm=28.453pt)

Package caption Info: Begin \AtBeginDocument code.
Package caption Info: float package is loaded.
Package caption Info: hyperref package is loaded.
Package caption Info: End \AtBeginDocument code.
(D:\LATEX\MiKTeX\tex/context/base/mkii\supp-pdf.mkii
[Loading MPS to PDF converter (version 2006.09.02).]
\scratchcounter=\count327
\scratchdimen=\dimen269
\scratchbox=\box71
\nofMPsegments=\count328
\nofMParguments=\count329
\everyMPshowfont=\toks33
\MPscratchCnt=\count330
\MPscratchDim=\dimen270
\MPnumerator=\count331
\makeMPintoPDFobject=\count332
\everyMPtoPDFconversion=\toks34
) (D:\LATEX\MiKTeX\tex/latex/epstopdf-pkg\epstopdf-base.sty
Package: epstopdf-base 2020-01-24 v2.11 Base part for package epstopdf

(D:\LATEX\MiKTeX\tex/latex/grfext\grfext.sty
Package: grfext 2019/12/03 v1.3 Manage graphics extensions (HO)
)
Package epstopdf-base Info: Redefining graphics rule for `.eps' on input line 4
85.
Package grfext Info: Graphics extension search list:
(grfext)             [.pdf,.png,.jpg,.mps,.jpeg,.jbig2,.jb2,.PDF,.PNG,.JPG,.JPE
G,.JBIG2,.JB2,.eps]
(grfext)             \AppendGraphicsExtensions on input line 504.

(D:\LATEX\MiKTeX\tex/latex/00miktex\epstopdf-sys.cfg
File: epstopdf-sys.cfg 2021/03/18 v2.0 Configuration of epstopdf for MiKTeX
))
(D:\LATEX\MiKTeX\tex/latex/pdflscape\pdflscape.sty
Package: pdflscape 2019/12/05 v0.12 Display of landscape pages in PDF (HO)

(D:\LATEX\MiKTeX\tex/latex/graphics\lscape.sty
Package: lscape 2020/05/28 v3.02 Landscape Pages (DPC)
)
Package pdflscape Info: Auto-detected driver: pdftex on input line 81.
)
LaTeX Info: Redefining \microtypecontext on input line 111.
Package microtype Info: Applying patch `item' on input line 111.
Package microtype Info: Applying patch `toc' on input line 111.
Package microtype Info: Applying patch `eqnum' on input line 111.
Package microtype Info: Applying patch `footnote' on input line 111.
Package microtype Info: Generating PDF output.
Package microtype Info: Character protrusion enabled (level 2).
Package microtype Info: Using default protrusion set `alltext'.
Package microtype Info: Automatic font expansion enabled (level 2),
(microtype)             stretch: 20, shrink: 20, step: 1, non-selected.
Package microtype Info: Using default expansion set `alltext-nott'.
LaTeX Info: Redefining \showhyphens on input line 111.
Package microtype Info: No adjustment of tracking.
Package microtype Info: No adjustment of interword spacing.
Package microtype Info: No adjustment of character kerning.

(D:\LATEX\MiKTeX\tex/latex/microtype\mt-cmr.cfg
File: mt-cmr.cfg 2013/05/19 v2.2 microtype config. file: Computer Modern Roman 
(RS)
)
(D:\LATEX\MiKTeX\tex/latex/translations/dicts\translations-basic-dictionary-eng
lish.trsl
File: translations-basic-dictionary-english.trsl (english translation file `tra
nslations-basic-dictionary')
)
Package translations Info: loading dictionary `translations-basic-dictionary' f
or `english'. on input line 111.
Package translations Info: no dictionary file `translations-basic-dictionary-af
rikaans.trsl' found. on input line 111.
Package hyperref Info: Link coloring ON on input line 111.
 (D:\LATEX\MiKTeX\tex/latex/hyperref\nameref.sty
Package: nameref 2021-04-02 v2.47 Cross-referencing by name of section

(D:\LATEX\MiKTeX\tex/latex/refcount\refcount.sty
Package: refcount 2019/12/15 v3.6 Data extraction from label references (HO)
)
(D:\LATEX\MiKTeX\tex/generic/gettitlestring\gettitlestring.sty
Package: gettitlestring 2019/12/15 v1.6 Cleanup title references (HO)
)
\c@section@level=\count333
)
LaTeX Info: Redefining \ref on input line 111.
LaTeX Info: Redefining \pageref on input line 111.
LaTeX Info: Redefining \nameref on input line 111.

(e344_A1_report.out) (e344_A1_report.out)
\@outlinefile=\write3
\openout3 = `e344_A1_report.out'.

 (frontmatter/skripsie_title_page.tex

pdfTeX warning: pdflatex (file ./frontmatter/fig/SU_logo_RGB_without_slogan.pdf
): PDF inclusion: found PDF version <1.6>, but at most version <1.5> allowed
<frontmatter/fig/SU_logo_RGB_without_slogan.pdf, id=63, 441.01764pt x 506.96803
pt>
File: frontmatter/fig/SU_logo_RGB_without_slogan.pdf Graphic file (type pdf)
<use frontmatter/fig/SU_logo_RGB_without_slogan.pdf>
Package pdftex.def Info: frontmatter/fig/SU_logo_RGB_without_slogan.pdf  used o
n input line 7.
(pdftex.def)             Requested size: 227.62204pt x 261.66002pt.
LaTeX Font Info:    Trying to load font information for OT1+lmss on input line 
11.
(D:\LATEX\MiKTeX\tex/latex/lm\ot1lmss.fd
File: ot1lmss.fd 2009/10/30 v1.6 Font defs for Latin Modern
)
Package microtype Info: Loading generic protrusion settings for font family
(microtype)             `lmss' (encoding: OT1).
(microtype)             For optimal results, create family-specific settings.
(microtype)             See the microtype manual for details.
 [1

{C:/Users/seanm/AppData/Local/MiKTeX/fonts/map/pdftex/pdftex.map} <./frontmatte
r/fig/SU_logo_RGB_without_slogan.pdf>]) (frontmatter/declaration.tex

pdfTeX warning: pdflatex (file ./frontmatter/fig/SU_horizontal_RGB.pdf): PDF in
clusion: found PDF version <1.6>, but at most version <1.5> allowed
<frontmatter/fig/SU_horizontal_RGB.pdf, id=84, 835.26556pt x 283.70393pt>
File: frontmatter/fig/SU_horizontal_RGB.pdf Graphic file (type pdf)
<use frontmatter/fig/SU_horizontal_RGB.pdf>
Package pdftex.def Info: frontmatter/fig/SU_horizontal_RGB.pdf  used on input l
ine 7.
(pdftex.def)             Requested size: 227.62204pt x 77.31104pt.
LaTeX Font Info:    Font shape `OT1/lmss/bx/it' in size <17.28> not available
(Font)              Font shape `OT1/lmss/bx/sl' tried instead on input line 10.

(D:\LATEX\MiKTeX\tex/latex/lm\omllmm.fd)
(D:\LATEX\MiKTeX\tex/latex/lm\omslmsy.fd)
(D:\LATEX\MiKTeX\tex/latex/lm\omxlmex.fd)
(D:\LATEX\MiKTeX\tex/latex/amsfonts\umsa.fd)
(D:\LATEX\MiKTeX\tex/latex/microtype\mt-msa.cfg)
(D:\LATEX\MiKTeX\tex/latex/amsfonts\umsb.fd)
(D:\LATEX\MiKTeX\tex/latex/microtype\mt-msb.cfg)
File: frontmatter/fig/Signature.png Graphic file (type png)
<use frontmatter/fig/Signature.png>
Package pdftex.def Info: frontmatter/fig/Signature.png  used on input line 43.
(pdftex.def)             Requested size: 54.78624pt x 42.67912pt.
) [1 <./frontmatter/fig/SU_horizontal_RGB.pdf> <./frontmatter/fig/Signature.png
>] (e344_A1_report.toc)
\tf@toc=\write4
\openout4 = `e344_A1_report.toc'.


[2

] (e344_A1_report.lof)
\tf@lof=\write5
\openout5 = `e344_A1_report.lof'.

 [3

] (e344_A1_report.lot)
\tf@lot=\write6
\openout6 = `e344_A1_report.lot'.

 (frontmatter/nomenclature.tex [4

]
LaTeX Font Info:    Trying to load font information for OT1+lmtt on input line 
5.
 (D:\LATEX\MiKTeX\tex/latex/lm\ot1lmtt.fd
File: ot1lmtt.fd 2009/10/30 v1.6 Font defs for Latin Modern
)
Package microtype Info: Loading generic protrusion settings for font family
(microtype)             `lmtt' (encoding: OT1).
(microtype)             For optimal results, create family-specific settings.
(microtype)             See the microtype manual for details.

Underfull \hbox (badness 10000) in paragraph at lines 5--7
[]\OT1/lmr/m/n/12 (+20) Update these lists to make it ap-pli-ca-ble to your pro
ject. It is in
 []


Underfull \hbox (badness 10000) in paragraph at lines 23--24

 []

) [5

]
\openout2 = `Chapter0.aux'.

 (Chapter0.tex
LaTeX Font Info:    Trying to load font information for OMS+lmtt on input line 
3.
LaTeX Font Info:    No file OMSlmtt.fd. on input line 3.


LaTeX Font Warning: Font shape `OMS/lmtt/m/n' undefined
(Font)              using `OMS/cmsy/m/n' instead
(Font)              for symbol `textbackslash' on input line 3.


Underfull \hbox (badness 1102) in paragraph at lines 3--4
\OT1/lmr/m/n/12 (+20) You can re-move this chap-ter by deletet-ing the ``\OMS/l
mtt/m/n/12 n\OT1/lmtt/m/n/12 include\OMS/lmtt/m/n/12 f\OT1/lmtt/m/n/12 Chapter0
\OMS/lmtt/m/n/12 g\OT1/lmr/m/n/12 (+20) '' line in the
 []


Underfull \hbox (badness 10000) in paragraph at lines 5--8

 []



pdfTeX warning: pdflatex (file ./Figures/PowerSystemDiagram.pdf): PDF inclusion
: found PDF version <1.6>, but at most version <1.5> allowed
<Figures/PowerSystemDiagram.pdf, id=183, 337.41237pt x 185.68585pt>
File: Figures/PowerSystemDiagram.pdf Graphic file (type pdf)
<use Figures/PowerSystemDiagram.pdf>
Package pdftex.def Info: Figures/PowerSystemDiagram.pdf  used on input line 16.

(pdftex.def)             Requested size: 236.15797pt x 129.96503pt.
LaTeX Font Info:    External font `lmex10' loaded for size
(Font)              <10> on input line 25.
LaTeX Font Info:    External font `lmex10' loaded for size
(Font)              <7> on input line 25.
LaTeX Font Info:    External font `lmex10' loaded for size
(Font)              <5> on input line 25.
) [1


 <./Figures/PowerSystemDiagram.pdf, page is rotated 90 degrees>]
\openout2 = `Chapter1.aux'.


(Chapter1.tex
Chapter 1.
[2




]) [3]
\openout2 = `Chapter2.aux'.

 (Chapter2.tex
Chapter 2.
LaTeX Font Info:    Trying to load font information for TS1+lmr on input line 7
.
(D:\LATEX\MiKTeX\tex/latex/lm\ts1lmr.fd
File: ts1lmr.fd 2009/10/30 v1.6 Font defs for Latin Modern
)
Underfull \hbox (badness 10000) in paragraph at lines 17--18

 []



pdfTeX warning: pdflatex (file ./Figures/E344_Ass1VoltRegulator_cct.pdf): PDF i
nclusion: found PDF version <1.6>, but at most version <1.5> allowed
<./Figures/E344_Ass1VoltRegulator_cct.pdf, id=233, 629.86917pt x 486.63406pt>
File: ./Figures/E344_Ass1VoltRegulator_cct.pdf Graphic file (type pdf)
<use ./Figures/E344_Ass1VoltRegulator_cct.pdf>
Package pdftex.def Info: ./Figures/E344_Ass1VoltRegulator_cct.pdf  used on inpu
t line 29.
(pdftex.def)             Requested size: 212.54073pt x 164.20592pt.
File: ./Figures/E344_Ass1VoltRegulator_cct.pdf Graphic file (type pdf)
<use ./Figures/E344_Ass1VoltRegulator_cct.pdf>
Package pdftex.def Info: ./Figures/E344_Ass1VoltRegulator_cct.pdf  used on inpu
t line 33.
(pdftex.def)             Requested size: 212.54073pt x 164.20592pt.


pdfTeX warning: pdflatex (file ./Figures/CctDia.pdf): PDF inclusion: found PDF 
version <1.7>, but at most version <1.5> allowed
<./Figures/CctDia.pdf, id=234, 591.63557pt x 157.07082pt>
File: ./Figures/CctDia.pdf Graphic file (type pdf)
<use ./Figures/CctDia.pdf>
Package pdftex.def Info: ./Figures/CctDia.pdf  used on input line 37.
(pdftex.def)             Requested size: 448.6987pt x 119.1234pt.
[4




]) [5 <./Figures/E344_Ass1VoltRegulator_cct.pdf> <./Figures/CctDia.pdf>]
\openout2 = `Chapter3.aux'.


(Chapter3.tex
Chapter 3.


pdfTeX warning: pdflatex (file ./Figures/E344_VoltRegulator.pdf): PDF inclusion
: found PDF version <1.6>, but at most version <1.5> allowed
<./Figures/E344_VoltRegulator.pdf, id=268, 963.6pt x 542.025pt>
File: ./Figures/E344_VoltRegulator.pdf Graphic file (type pdf)
<use ./Figures/E344_VoltRegulator.pdf>
Package pdftex.def Info: ./Figures/E344_VoltRegulator.pdf  used on input line 9
.
(pdftex.def)             Requested size: 259.7752pt x 146.11713pt.
<./Figures/Screengrab2.png, id=269, 395.4775pt x 249.93375pt>
File: ./Figures/Screengrab2.png Graphic file (type png)
<use ./Figures/Screengrab2.png>
Package pdftex.def Info: ./Figures/Screengrab2.png  used on input line 14.
(pdftex.def)             Requested size: 188.9235pt x 119.39478pt.
File: ./Figures/E344_VoltRegulator.pdf Graphic file (type pdf)
<use ./Figures/E344_VoltRegulator.pdf>
Package pdftex.def Info: ./Figures/E344_VoltRegulator.pdf  used on input line 1
9.
(pdftex.def)             Requested size: 259.7752pt x 146.11713pt.
File: ./Figures/Screengrab2.png Graphic file (type png)
<use ./Figures/Screengrab2.png>
Package pdftex.def Info: ./Figures/Screengrab2.png  used on input line 24.
(pdftex.def)             Requested size: 188.9235pt x 119.39478pt.
) [6




] [7 <./Figures/E344_VoltRegulator.pdf> <./Figures/Screengrab2.png (PNG copy)>]
\openout2 = `Chapter4.aux'.


No file Chapter4.tex.
\openout2 = `Chapter5.aux'.

No file Chapter5.tex.
\openout2 = `Chapter6.aux'.

No file Chapter6.tex.
(e344_A1_report.bbl) [8












]
\openout2 = `App-A.aux'.

 (App-A.tex
Appendix A.


pdfTeX warning: pdflatex (file ./Figures/SocialContract_signed.pdf): PDF inclus
ion: found PDF version <1.6>, but at most version <1.5> allowed
<./Figures/SocialContract_signed.pdf, id=302, 597.50829pt x 845.0471pt>
File: ./Figures/SocialContract_signed.pdf Graphic file (type pdf)
<use ./Figures/SocialContract_signed.pdf>
Package pdftex.def Info: ./Figures/SocialContract_signed.pdf  used on input lin
e 7.
(pdftex.def)             Requested size: 377.85419pt x 534.39401pt.
) [9


 <./Figures/SocialContract_signed.pdf>]
\openout2 = `App-B.aux'.

 (App-B.tex
Appendix B.
<./Figures/GitHub.png, id=338, 1901.1025pt x 885.3075pt>
File: ./Figures/GitHub.png Graphic file (type png)
<use ./Figures/GitHub.png>
Package pdftex.def Info: ./Figures/GitHub.png  used on input line 8.
(pdftex.def)             Requested size: 472.31595pt x 219.94844pt.

Overfull \hbox (6.79999pt too wide) in paragraph at lines 8--10
 [][] 
 []

) [10




 <./Figures/GitHub.png (PNG copy)>]
\openout2 = `App-C.aux'.

 (App-C.tex
Appendix C.

Underfull \hbox (badness 1424) in paragraph at lines 5--6
[][]\OT1/lmr/m/n/12 (+20) You can re-move this chap-ter by delet-ing the ``\OMS
/lmtt/m/n/12 n\OT1/lmtt/m/n/12 include\OMS/lmtt/m/n/12 f\OT1/lmtt/m/n/12 App-C 
\OMS/lmtt/m/n/12 g\OT1/lmr/m/n/12 (+20) '' line in the
 []

) [11




] [12]

Package caption Warning: Unused \captionsetup[algorithm] on input line 96.
See the caption package documentation for explanation.

(e344_A1_report.aux (Chapter0.aux) (Chapter1.aux) (Chapter2.aux) (Chapter3.aux)
(Chapter4.aux) (Chapter5.aux) (Chapter6.aux) (App-A.aux) (App-B.aux) (App-C.aux
))

LaTeX Font Warning: Some font shapes were not available, defaults substituted.


LaTeX Warning: There were multiply-defined labels.

Package rerunfilecheck Info: File `e344_A1_report.out' has not changed.
(rerunfilecheck)             Checksum: 1A03CB1FDCCDE8A3DE49FFC1A77AB6BE;1899.
 ) 
Here is how much of TeX's memory you used:
 22058 strings out of 478659
 413171 string characters out of 2859579
 811347 words of memory out of 3000000
 39503 multiletter control sequences out of 15000+600000
 483174 words of font info for 158 fonts, out of 8000000 for 9000
 1141 hyphenation exceptions out of 8191
 71i,13n,79p,1013b,797s stack positions out of 5000i,500n,10000p,200000b,80000s
{D:/LATEX/MiKTeX/fonts/enc/dvips/lm/lm-rm.enc}{D:/LATEX/MiKTeX/fonts/enc/dvip
s/lm/lm-ts1.enc}{D:/LATEX/MiKTeX/fonts/enc/dvips/lm/lm-mathit.enc}{D:/LATEX/MiK
TeX/fonts/enc/dvips/lm/lm-rmtt.enc}<D:/LATEX/MiKTeX/fonts/type1/public/amsfonts
/cm/cmsy10.pfb><D:/LATEX/MiKTeX/fonts/type1/public/lm/lmbx12.pfb><D:/LATEX/MiKT
eX/fonts/type1/public/lm/lmmi10.pfb><D:/LATEX/MiKTeX/fonts/type1/public/lm/lmmi
12.pfb><D:/LATEX/MiKTeX/fonts/type1/public/lm/lmmi7.pfb><D:/LATEX/MiKTeX/fonts/
type1/public/lm/lmr10.pfb><D:/LATEX/MiKTeX/fonts/type1/public/lm/lmr12.pfb><D:/
LATEX/MiKTeX/fonts/type1/public/lm/lmr17.pfb><D:/LATEX/MiKTeX/fonts/type1/publi
c/lm/lmr8.pfb><D:/LATEX/MiKTeX/fonts/type1/public/lm/lmri12.pfb><D:/LATEX/MiKTe
X/fonts/type1/public/lm/lmssbo10.pfb><D:/LATEX/MiKTeX/fonts/type1/public/lm/lms
sbx10.pfb><D:/LATEX/MiKTeX/fonts/type1/public/lm/lmtt12.pfb>
Output written on e344_A1_report.pdf (18 pages, 1437970 bytes).
PDF statistics:
 427 PDF objects out of 1000 (max. 8388607)
 60 named destinations out of 1000 (max. 500000)
 47787 words of extra memory for PDF output out of 51595 (max. 10000000)

