\BOOKMARK [0][-]{Doc-Start}{\376\377\000D\000e\000c\000l\000a\000r\000a\000t\000i\000o\000n}{}% 1
\BOOKMARK [0][-]{chapter*.2}{\376\377\000L\000i\000s\000t\000\040\000o\000f\000\040\000F\000i\000g\000u\000r\000e\000s}{}% 2
\BOOKMARK [0][-]{chapter*.3}{\376\377\000L\000i\000s\000t\000\040\000o\000f\000\040\000T\000a\000b\000l\000e\000s}{}% 3
\BOOKMARK [0][-]{chapter*.4}{\376\377\000N\000o\000m\000e\000n\000c\000l\000a\000t\000u\000r\000e}{}% 4
\BOOKMARK [0][-]{chapter.1}{\376\377\000L\000i\000t\000e\000r\000a\000t\000u\000r\000e\000\040\000s\000u\000r\000v\000e\000y}{}% 5
\BOOKMARK [1][-]{section.1.1}{\376\377\000O\000p\000e\000r\000a\000t\000i\000o\000n\000a\000l\000\040\000a\000m\000p\000l\000i\000f\000i\000e\000r\000s}{chapter.1}% 6
\BOOKMARK [1][-]{section.1.2}{\376\377\000C\000u\000r\000r\000e\000n\000t\000\040\000s\000e\000n\000s\000i\000n\000g}{chapter.1}% 7
\BOOKMARK [1][-]{section.1.3}{\376\377\000U\000l\000t\000r\000a\000s\000o\000n\000i\000c\000\040\000r\000a\000n\000g\000e\000\040\000s\000e\000n\000s\000o\000r}{chapter.1}% 8
\BOOKMARK [2][-]{subsection.1.3.1}{\376\377\000I\000n\000t\000e\000r\000f\000a\000c\000i\000n\000g\000\040\000w\000i\000t\000h\000\040\000t\000h\000e\000\040\000u\000l\000t\000r\000a\000s\000o\000n\000i\000c\000\040\000r\000a\000n\000g\000e\000\040\000s\000e\000n\000s\000o\000r}{section.1.3}% 9
\BOOKMARK [2][-]{subsection.1.3.2}{\376\377\000C\000o\000n\000v\000e\000r\000t\000i\000n\000g\000\040\000P\000W\000M\000\040\000s\000i\000g\000n\000a\000l\000s\000\040\000t\000o\000\040\000a\000n\000a\000l\000o\000g\000u\000e\000\040\000s\000i\000g\000n\000a\000l\000s}{section.1.3}% 10
\BOOKMARK [2][-]{subsection.1.3.3}{\376\377\000D\000i\000g\000i\000t\000a\000l\000\040\000t\000o\000\040\000a\000n\000a\000l\000o\000g\000u\000e\000\040\000c\000o\000n\000v\000e\000r\000t\000e\000r\000\040\000o\000p\000a\000m\000p}{section.1.3}% 11
\BOOKMARK [0][-]{chapter.2}{\376\377\000D\000e\000t\000a\000i\000l\000\040\000d\000e\000s\000i\000g\000n}{}% 12
\BOOKMARK [1][-]{section.2.1}{\376\377\000S\000y\000s\000t\000e\000m\000\040\000d\000i\000a\000g\000r\000a\000m}{chapter.2}% 13
\BOOKMARK [1][-]{section.2.2}{\376\377\000C\000u\000r\000r\000e\000n\000t\000\040\000s\000e\000n\000s\000o\000r}{chapter.2}% 14
\BOOKMARK [1][-]{section.2.3}{\376\377\000A\000n\000a\000l\000o\000g\000u\000e\000\040\000r\000a\000n\000g\000e\000\040\000s\000e\000n\000s\000o\000r}{chapter.2}% 15
\BOOKMARK [2][-]{subsection.2.3.1}{\376\377\000D\000i\000g\000i\000t\000a\000l\000\040\000t\000o\000\040\000A\000n\000a\000l\000o\000g\000u\000e\000\040\000c\000o\000n\000v\000e\000r\000t\000e\000r}{section.2.3}% 16
\BOOKMARK [2][-]{subsection.2.3.2}{\376\377\000M\000o\000t\000o\000r\000\040\000c\000o\000n\000t\000r\000o\000l\000\040\000s\000i\000g\000n\000a\000l}{section.2.3}% 17
\BOOKMARK [2][-]{subsection.2.3.3}{\376\377\000M\000o\000t\000o\000r\000\040\000d\000r\000i\000v\000e\000r}{section.2.3}% 18
\BOOKMARK [2][-]{subsection.2.3.4}{\376\377\000V\000o\000l\000t\000a\000g\000e\000\040\000r\000e\000g\000u\000l\000a\000t\000i\000o\000n}{section.2.3}% 19
\BOOKMARK [0][-]{chapter.3}{\376\377\000R\000e\000s\000u\000l\000t\000s}{}% 20
\BOOKMARK [1][-]{section.3.1}{\376\377\000C\000u\000r\000r\000e\000n\000t\000\040\000s\000e\000n\000s\000o\000r}{chapter.3}% 21
\BOOKMARK [2][-]{subsection.3.1.1}{\376\377\000S\000i\000m\000u\000l\000a\000t\000i\000o\000n}{section.3.1}% 22
\BOOKMARK [2][-]{subsection.3.1.2}{\376\377\000P\000r\000a\000c\000t\000i\000c\000a\000l}{section.3.1}% 23
\BOOKMARK [1][-]{section.3.2}{\376\377\000U\000l\000t\000r\000a\000s\000o\000n\000i\000c\000\040\000r\000a\000n\000g\000e\000\040\000s\000e\000n\000s\000o\000r}{chapter.3}% 24
\BOOKMARK [2][-]{subsection.3.2.1}{\376\377\000S\000i\000m\000u\000l\000a\000t\000i\000o\000n}{section.3.2}% 25
\BOOKMARK [2][-]{subsection.3.2.2}{\376\377\000P\000r\000a\000c\000t\000i\000c\000a\000l}{section.3.2}% 26
\BOOKMARK [1][-]{section.3.3}{\376\377\000D\000i\000g\000i\000t\000a\000l\000\040\000t\000o\000\040\000a\000n\000a\000l\000o\000g\000u\000e\000\040\000c\000o\000n\000v\000e\000r\000t\000e\000r}{chapter.3}% 27
\BOOKMARK [2][-]{subsection.3.3.1}{\376\377\000S\000i\000m\000u\000l\000a\000t\000i\000o\000n}{section.3.3}% 28
\BOOKMARK [2][-]{subsection.3.3.2}{\376\377\000P\000r\000a\000c\000t\000i\000c\000a\000l}{section.3.3}% 29
\BOOKMARK [1][-]{section.3.4}{\376\377\000M\000o\000t\000o\000r\000\040\000C\000o\000n\000t\000r\000o\000l}{chapter.3}% 30
\BOOKMARK [2][-]{subsection.3.4.1}{\376\377\000S\000i\000m\000u\000l\000a\000t\000i\000o\000n}{section.3.4}% 31
\BOOKMARK [2][-]{subsection.3.4.2}{\376\377\000P\000r\000a\000c\000t\000i\000c\000a\000l}{section.3.4}% 32
\BOOKMARK [1][-]{section.3.5}{\376\377\000V\000o\000l\000t\000a\000g\000e\000\040\000R\000e\000g\000u\000l\000a\000t\000i\000o\000n}{chapter.3}% 33
\BOOKMARK [1][-]{section.3.6}{\376\377\000P\000h\000o\000t\000o\000'\000s\000\040\000o\000f\000\040\000C\000i\000r\000c\000u\000i\000t\000s}{chapter.3}% 34
\BOOKMARK [2][-]{subsection.3.6.1}{\376\377\000C\000i\000r\000c\000u\000i\000t}{section.3.6}% 35
\BOOKMARK [0][-]{chapter*.36}{\376\377\000B\000i\000b\000l\000i\000o\000g\000r\000a\000p\000h\000y}{}% 36
\BOOKMARK [0][-]{appendix.A}{\376\377\000S\000o\000c\000i\000a\000l\000\040\000c\000o\000n\000t\000r\000a\000c\000t}{}% 37
\BOOKMARK [0][-]{appendix.B}{\376\377\000G\000i\000t\000H\000u\000b\000\040\000A\000c\000t\000i\000v\000i\000t\000y\000\040\000H\000e\000a\000t\000m\000a\000p}{}% 38
